<?xml version="1.0" encoding="UTF-8"?>
<testng-results skipped="0" failed="0" ignored="0" total="0" passed="0">
  <reporter-output>
  </reporter-output>
  <suite name="OrangeHRM by packages" duration-ms="0" started-at="2017-04-21T04:39:13Z" finished-at="2017-04-21T04:39:13Z">
    <groups>
    </groups>
    <test name="ChromeBrower" duration-ms="0" started-at="2017-04-21T04:39:13Z" finished-at="2017-04-21T04:39:13Z">
    </test> <!-- ChromeBrower -->
  </suite> <!-- OrangeHRM by packages -->
</testng-results>
